[rospy.client][INFO] 2025-02-26 23:48:09,108: init_node, name[/urdf_spawner], pid[26840]
[xmlrpc][INFO] 2025-02-26 23:48:09,109: XML-RPC server binding to 0.0.0.0:0
[xmlrpc][INFO] 2025-02-26 23:48:09,109: Started XML-RPC server [http://guido:40053/]
[rospy.impl.masterslave][INFO] 2025-02-26 23:48:09,109: _ready: http://guido:40053/
[rospy.registration][INFO] 2025-02-26 23:48:09,110: Registering with master node http://localhost:11311
[xmlrpc][INFO] 2025-02-26 23:48:09,110: xml rpc node: starting XML-RPC server
[rospy.init][INFO] 2025-02-26 23:48:09,110: ROS Slave URI: [http://guido:40053/]
[rospy.init][INFO] 2025-02-26 23:48:09,110: registered with master
[rospy.rosout][INFO] 2025-02-26 23:48:09,110: initializing /rosout core topic
[rospy.rosout][INFO] 2025-02-26 23:48:09,113: connected to core topic /rosout
[rospy.simtime][INFO] 2025-02-26 23:48:09,114: initializing /clock core topic
[rospy.simtime][INFO] 2025-02-26 23:48:09,115: connected to core topic /clock
[rosout][INFO] 2025-02-26 23:48:09,117: Loading model XML from ros parameter robot_description
[rosout][INFO] 2025-02-26 23:48:09,121: Waiting for service /gazebo/spawn_urdf_model
[rospy.internal][INFO] 2025-02-26 23:48:09,247: topic[/rosout] adding connection to [/rosout], count 0
[rospy.internal][INFO] 2025-02-26 23:48:12,963: topic[/clock] adding connection to [http://guido:41007/], count 0
[rosout][INFO] 2025-02-26 23:48:13,040: Calling service /gazebo/spawn_urdf_model
[rosout][INFO] 2025-02-26 23:48:14,910: Spawn status: SpawnModel: Successfully spawned entity
[rospy.core][INFO] 2025-02-26 23:48:14,913: signal_shutdown [atexit]
[rospy.internal][INFO] 2025-02-26 23:48:14,917: topic[/rosout] removing connection to /rosout
[rospy.internal][INFO] 2025-02-26 23:48:14,918: topic[/clock] removing connection to http://guido:41007/
[rospy.impl.masterslave][INFO] 2025-02-26 23:48:14,919: atexit
